0 info it worked if it ends with ok
1 verbose cli [ '/home/lally/.nvm/v0.11.14/bin/node',
1 verbose cli   '/home/lally/.nvm/v0.11.14/bin/npm',
1 verbose cli   'publish' ]
2 info using npm@2.0.0
3 info using node@v0.11.14
4 verbose publish [ '.' ]
5 verbose cache add [ '.', null ]
6 verbose cache add spec="." args=[".",null]
7 verbose parsed spec { raw: '.',
7 verbose parsed spec   scope: null,
7 verbose parsed spec   name: null,
7 verbose parsed spec   rawSpec: '.',
7 verbose parsed spec   spec: '/home/lally/workspace/contribute/nodejs/ampersand-express-router',
7 verbose parsed spec   type: 'local' }
8 verbose cache add local package /home/lally/workspace/contribute/nodejs/ampersand-express-router
9 silly lockFile 3a52ce78- .
10 verbose lock . /home/lally/.npm/3a52ce78-.lock
11 verbose tar pack [ '/home/lally/.npm/ampersand-express-router/0.0.2/package.tgz',
11 verbose tar pack   '.' ]
12 verbose tarball /home/lally/.npm/ampersand-express-router/0.0.2/package.tgz
13 verbose folder .
14 info prepublish ampersand-express-router@0.0.2
15 silly lockFile 1f1177db-tar tar://.
16 verbose lock tar://. /home/lally/.npm/1f1177db-tar.lock
17 silly lockFile 12753924-express-router-0-0-2-package-tgz tar:///home/lally/.npm/ampersand-express-router/0.0.2/package.tgz
18 verbose lock tar:///home/lally/.npm/ampersand-express-router/0.0.2/package.tgz /home/lally/.npm/12753924-express-router-0-0-2-package-tgz.lock
19 silly lockFile 1f1177db-tar tar://.
20 silly lockFile 1f1177db-tar tar://.
21 silly lockFile 12753924-express-router-0-0-2-package-tgz tar:///home/lally/.npm/ampersand-express-router/0.0.2/package.tgz
22 silly lockFile 12753924-express-router-0-0-2-package-tgz tar:///home/lally/.npm/ampersand-express-router/0.0.2/package.tgz
23 silly lockFile b2358a74-and-express-router-0-0-2-package /home/lally/.npm/ampersand-express-router/0.0.2/package
24 verbose lock /home/lally/.npm/ampersand-express-router/0.0.2/package /home/lally/.npm/b2358a74-and-express-router-0-0-2-package.lock
25 silly lockFile b2358a74-and-express-router-0-0-2-package /home/lally/.npm/ampersand-express-router/0.0.2/package
26 silly lockFile b2358a74-and-express-router-0-0-2-package /home/lally/.npm/ampersand-express-router/0.0.2/package
27 silly lockFile 3a52ce78- .
28 silly lockFile 3a52ce78- .
29 silly publish { name: 'ampersand-express-router',
29 silly publish   description: 'Serverside backbone router inspired by backbone router and ampersand-router.',
29 silly publish   version: '0.0.2',
29 silly publish   author: { name: 'Lally Elias', email: 'lallyelias87@gmail.com' },
29 silly publish   bugs: { url: 'https://github.com/lykmapipo/ampersand-express-router/issues' },
29 silly publish   dependencies: { 'ampersand-class-extend': '^1.0.0', underscore: '1.6.0' },
29 silly publish   devDependencies:
29 silly publish    { jshint: '^2.5.3',
29 silly publish      supertest: '^0.14.0',
29 silly publish      express: '^4.9.5',
29 silly publish      chai: '^1.9.2',
29 silly publish      'body-parser': '^1.9.0' },
29 silly publish   homepage: 'https://github.com/lykmapipo/ampersand-express-router',
29 silly publish   keywords: [ 'serverside', 'router', 'history', 'backbone' ],
29 silly publish   license: 'MIT',
29 silly publish   main: 'router.js',
29 silly publish   repository:
29 silly publish    { type: 'git',
29 silly publish      url: 'git://github.com/lykmapipo/ampersand-express-router' },
29 silly publish   scripts: { test: 'mocha' },
29 silly publish   engines: { node: '>=0.10.0' },
29 silly publish   readme: '# ampersand-express-router\n\nServerside backbone router for express 4. Mostly lifted from [Backbone.js](http://backbonejs.org/#Router).\n\nPart of the [Ampersand.js toolkit](http://ampersandjs.com) for building severside applications.\n\n## install\n\n```\nnpm install ampersand-express-router\n```\n\n## example\n\n```javascript\nvar Router = require(\'ampersand-express-router\');\nvar express = require(\'express\');\nvar bodyParser = require(\'body-parser\');\nvar app = express();\n\n// parse application/x-www-form-urlencoded\napp.use(bodyParser.urlencoded({\n    extended: false\n}));\n\n// parse application/json\napp.use(bodyParser.json());\n\nvar UserRouter = Router.extend({\n\n    // ------- ROUTES DEFINITIONS ---------\n    routes: {\n        \'users|post\': \'create\',\n        \'users|delete\': \'destroy\',\n        \'users|put\': \'edit\',\n        \'users|get\': \'all\',\n        \'users/:id|get\': \'show\'\n    },\n\n    // ------- ROUTE HANDLERS ---------\n    create: function(request, response) {\n        response.json({\n            name: \'create\'\n        });\n    },\n    destroy: function(request, response) {\n        response.json({\n            name: \'destroy\'\n        });\n    },\n    edit: function(request, response) {\n        response.json({\n            name: \'edit\'\n        });\n    },\n    all: function(request, response) {\n        response.json({\n            name: \'all\'\n        });\n    },\n    show: function(request, response) {\n        response.json({\n            name: request.param(\'id\')\n        });\n    }\n\n    ...\n});\n\nvar UsersRoute = new UserRouter({\n    app: app\n});\n\napp.listen(3000);\n```\n\n## API Reference\n\n### extend `Router.extend(properties)`\n\nGet started by creating a custom router class. Define actions that are triggered when certain URL are matched, and provide a routes hash that pairs routes to actions. Note that you\'ll want to avoid using a leading slash in your route definitions:\n\n```javascript\nvar UserRouter = Router.extend({\n\n  routes: {\n    "users|get":                 "all",    // /users\n    "users/:id|get":        "show",  // /users/11\n  },\n\n  all: function(request,response,next) {\n    //...\n  },\n\n  show: function(request,response,next) {\n    //...\n  }\n\n});\n```\n\n### routers `router.routes`\n\nThe routes hash maps URLs with parameters to functions on your router. Routes can contain path parameter parts, `:param`.\n\n\n### constructor / initialize `new Router([options])`\n\nWhen creating a new router, you must pass an instance of express application which this router will be mounted into and additional express router options.\n\n## credits\n\nAll credit goes to Jeremy Ashkenas and the rest of the Backbone.js authors.\n\n## license\n\nMIT',
29 silly publish   readmeFilename: 'README.md',
29 silly publish   gitHead: '51337c0fb2c5a28eb4d73464c409812bce66601e',
29 silly publish   _id: 'ampersand-express-router@0.0.2',
29 silly publish   _shasum: 'b35e1e93f009e3cd36211e1ac40326bfe9bc4e7b',
29 silly publish   _from: '.' }
30 verbose mapToRegistry name ampersand-express-router
31 verbose mapToRegistry uri https://registry.npmjs.org/ampersand-express-router
32 verbose publish registryBase https://registry.npmjs.org/
33 verbose stack Error: auth and email required for publishing
33 verbose stack     at RegClient.publish (/home/lally/.nvm/v0.11.14/lib/node_modules/npm/node_modules/npm-registry-client/lib/publish.js:17:14)
33 verbose stack     at /home/lally/.nvm/v0.11.14/lib/node_modules/npm/lib/publish.js:113:14
33 verbose stack     at mapToRegistry (/home/lally/.nvm/v0.11.14/lib/node_modules/npm/lib/utils/map-to-registry.js:53:3)
33 verbose stack     at publish_ (/home/lally/.nvm/v0.11.14/lib/node_modules/npm/lib/publish.js:101:3)
33 verbose stack     at Array.<anonymous> (/home/lally/.nvm/v0.11.14/lib/node_modules/npm/node_modules/slide/lib/bind-actor.js:15:8)
33 verbose stack     at LOOP (/home/lally/.nvm/v0.11.14/lib/node_modules/npm/node_modules/slide/lib/chain.js:15:14)
33 verbose stack     at LOOP (/home/lally/.nvm/v0.11.14/lib/node_modules/npm/node_modules/slide/lib/chain.js:14:28)
33 verbose stack     at chain (/home/lally/.nvm/v0.11.14/lib/node_modules/npm/node_modules/slide/lib/chain.js:20:5)
33 verbose stack     at /home/lally/.nvm/v0.11.14/lib/node_modules/npm/lib/publish.js:62:5
33 verbose stack     at /home/lally/.nvm/v0.11.14/lib/node_modules/npm/node_modules/inflight/inflight.js:22:7
34 verbose cwd /home/lally/workspace/contribute/nodejs/ampersand-express-router
35 error Linux 3.13.0-32-generic
36 error argv "/home/lally/.nvm/v0.11.14/bin/node" "/home/lally/.nvm/v0.11.14/bin/npm" "publish"
37 error node v0.11.14
38 error npm  v2.0.0
39 error code ENEEDAUTH
40 error need auth auth and email required for publishing
40 error need auth You need to authorize this machine using `npm adduser`
41 verbose exit [ 1, true ]
